{
  "RSpec": {
    "coverage": {
      "/Users/jgorset/Code/ruby/client-version/lib/client_version.rb": [
        null,
        null,
        1,
        1,
        2,
        null,
        null,
        1,
        2,
        null,
        null,
        1,
        2,
        null,
        2,
        null,
        null,
        1,
        null,
        1,
        1,
        null,
        null,
        1,
        2,
        null,
        null,
        1,
        1,
        null,
        null
      ]
    },
    "timestamp": 1465990630
  }
}
